#
# There is insufficient memory for the Java Runtime Environment to continue.
# Native memory allocation (mmap) failed to map 134217728 bytes for Failed to commit area from 0x0000000081c00000 to 0x0000000089c00000 of length 134217728.
# Possible reasons:
#   The system is out of physical RAM or swap space
#   The process is running with CompressedOops enabled, and the Java Heap may be blocking the growth of the native heap
# Possible solutions:
#   Reduce memory load on the system
#   Increase physical memory or swap space
#   Check if swap backing store is full
#   Decrease Java heap size (-Xmx/-Xms)
#   Decrease number of Java threads
#   Decrease Java thread stack sizes (-Xss)
#   Set larger code cache with -XX:ReservedCodeCacheSize=
# This output file may be truncated or incomplete.
#
#  Out of Memory Error (./src/hotspot/os/windows/os_windows.cpp:3619), pid=4568, tid=4920
#
# JRE version:  (11.0.13) (build )
# Java VM: OpenJDK 64-Bit Server VM (11.0.13+0-b1751.21-8125866, mixed mode, sharing, tiered, compressed oops, g1 gc, windows-amd64)
# No core dump will be written. Minidumps are not enabled by default on client versions of Windows
#

---------------  S U M M A R Y ------------

Command Line: git4idea.nativessh.GitNativeSshAskPassApp The authenticity of host 'github.com (140.82.121.4)' can't be established.
ED25519 key fingerprint is SHA256:+DiY3wvvV6TuJJhbpZisF/zLDA0zPMSvHdkr4UvCOqU.
This key is not known by any other names
Are you sure you want to continue connecting (yes/no/[fingerprint])? 

Host: Intel(R) Core(TM) i7-4500U CPU @ 1.80GHz, 4 cores, 7G,  Windows 10 , 64 bit Build 19041 (10.0.19041.2251)
Time: Sun Nov 20 17:43:44 2022 RTZ 4 (зима) elapsed time: 0.016685 seconds (0d 0h 0m 0s)

---------------  T H R E A D  ---------------

Current thread (0x0000016f8e900800):  JavaThread "Unknown thread" [_thread_in_vm, id=4920, stack(0x0000000e11200000,0x0000000e11300000)]

Stack: [0x0000000e11200000,0x0000000e11300000]
Native frames: (J=compiled Java code, j=interpreted, Vv=VM code, C=native code)
V  [jvm.dll+0x6100fa]
V  [jvm.dll+0x747090]
V  [jvm.dll+0x7486ad]
V  [jvm.dll+0x748d83]
V  [jvm.dll+0x24ab48]
V  [jvm.dll+0x60d164]
V  [jvm.dll+0x601e75]
V  [jvm.dll+0x308bdb]
V  [jvm.dll+0x308b4a]
V  [jvm.dll+0x308a22]
V  [jvm.dll+0x30d986]
V  [jvm.dll+0x357093]
V  [jvm.dll+0x357796]
V  [jvm.dll+0x357193]
V  [jvm.dll+0x2e3448]
V  [jvm.dll+0x2e45f7]
V  [jvm.dll+0x7242e7]
V  [jvm.dll+0x725adc]
V  [jvm.dll+0x364629]
V  [jvm.dll+0x707cee]
V  [jvm.dll+0x3d2633]
V  [jvm.dll+0x3d4a21]
C  [jli.dll+0x536b]
C  [ucrtbase.dll+0x21bb2]
C  [KERNEL32.DLL+0x174b4]
C  [ntdll.dll+0x526a1]


---------------  P R O C E S S  ---------------

Threads class SMR info:
_java_thread_list=0x0000016f8c6c2370, length=0, elements={
}

Java Threads: ( => current thread )

Other Threads:
  0x0000016f8e91a800 GCTaskThread "GC Thread#0" [stack: 0x0000000e11300000,0x0000000e11400000] [id=2036]
  0x0000016f8e94a000 ConcurrentGCThread "G1 Main Marker" [stack: 0x0000000e11400000,0x0000000e11500000] [id=4916]
  0x0000016f8e94c000 ConcurrentGCThread "G1 Conc#0" [stack: 0x0000000e11500000,0x0000000e11600000] [id=2480]

[error occurred during error reporting (printing all threads), id 0xc0000005, EXCEPTION_ACCESS_VIOLATION (0xc0000005) at pc=0x00007ffe30ce3dd7]

VM state:not at safepoint (not fully initialized)

VM Mutex/Monitor currently owned by a thread:  ([mutex/lock_event])
[0x0000016f8e8fd1c0] Heap_lock - owner thread: 0x0000016f8e900800

Heap address: 0x0000000081c00000, size: 2020 MB, Compressed Oops mode: Non-zero based: 0x0000000081c00000
Narrow klass base: 0x0000000000000000, Narrow klass shift: 0

GC Heap History (0 events):
No events

Deoptimization events (0 events):
No events

Classes redefined (0 events):
No events

Internal exceptions (0 events):
No events

Events (1 events):
Event: 0.011 Loaded shared library D:\Program Files\Android\Android Studio\jre\bin\zip.dll


Dynamic libraries:
0x00007ff7be100000 - 0x00007ff7be10a000 	D:\Program Files\Android\Android Studio\jre\bin\java.exe
0x00007ffe67350000 - 0x00007ffe67548000 	C:\WINDOWS\SYSTEM32\ntdll.dll
0x00007ffe65d70000 - 0x00007ffe65e2f000 	C:\WINDOWS\System32\KERNEL32.DLL
0x00007ffe64d10000 - 0x00007ffe64fe2000 	C:\WINDOWS\System32\KERNELBASE.dll
0x00007ffe65210000 - 0x00007ffe65310000 	C:\WINDOWS\System32\ucrtbase.dll
0x00007ffe3a470000 - 0x00007ffe3a489000 	D:\Program Files\Android\Android Studio\jre\bin\jli.dll
0x00007ffe3ad40000 - 0x00007ffe3ad57000 	D:\Program Files\Android\Android Studio\jre\bin\VCRUNTIME140.dll
0x00007ffe660c0000 - 0x00007ffe6625d000 	C:\WINDOWS\System32\USER32.dll
0x00007ffe57d90000 - 0x00007ffe5802a000 	C:\WINDOWS\WinSxS\amd64_microsoft.windows.common-controls_6595b64144ccf1df_6.0.19041.1110_none_60b5254171f9507e\COMCTL32.dll
0x00007ffe651e0000 - 0x00007ffe65202000 	C:\WINDOWS\System32\win32u.dll
0x00007ffe65f70000 - 0x00007ffe6600e000 	C:\WINDOWS\System32\msvcrt.dll
0x00007ffe65d40000 - 0x00007ffe65d6b000 	C:\WINDOWS\System32\GDI32.dll
0x00007ffe64bb0000 - 0x00007ffe64cbf000 	C:\WINDOWS\System32\gdi32full.dll
0x00007ffe650d0000 - 0x00007ffe6516d000 	C:\WINDOWS\System32\msvcp_win.dll
0x00007ffe66ad0000 - 0x00007ffe66b02000 	C:\WINDOWS\System32\IMM32.DLL
0x0000000063350000 - 0x000000006335c000 	C:\Program Files (x86)\360\Total Security\safemon\SafeWrapper.dll
0x00007ffe272f0000 - 0x00007ffe2738d000 	D:\Program Files\Android\Android Studio\jre\bin\msvcp140.dll
0x00007ffe309f0000 - 0x00007ffe314f2000 	D:\Program Files\Android\Android Studio\jre\bin\server\jvm.dll
0x00007ffe65be0000 - 0x00007ffe65c8e000 	C:\WINDOWS\System32\ADVAPI32.dll
0x00007ffe66010000 - 0x00007ffe660ac000 	C:\WINDOWS\System32\sechost.dll
0x00007ffe66260000 - 0x00007ffe66385000 	C:\WINDOWS\System32\RPCRT4.dll
0x00007ffe65c90000 - 0x00007ffe65c98000 	C:\WINDOWS\System32\PSAPI.DLL
0x00007ffe61db0000 - 0x00007ffe61db9000 	C:\WINDOWS\SYSTEM32\WSOCK32.dll
0x00007ffe5c440000 - 0x00007ffe5c467000 	C:\WINDOWS\SYSTEM32\WINMM.dll
0x00007ffe645e0000 - 0x00007ffe645ea000 	C:\WINDOWS\SYSTEM32\VERSION.dll
0x00007ffe66880000 - 0x00007ffe668eb000 	C:\WINDOWS\System32\WS2_32.dll
0x00007ffe63230000 - 0x00007ffe63242000 	C:\WINDOWS\SYSTEM32\kernel.appcore.dll
0x00007ffe61d70000 - 0x00007ffe61d81000 	D:\Program Files\Android\Android Studio\jre\bin\verify.dll
0x00007ffe62f50000 - 0x00007ffe63134000 	C:\WINDOWS\SYSTEM32\DBGHELP.DLL
0x00007ffe4e380000 - 0x00007ffe4e3ac000 	C:\WINDOWS\SYSTEM32\dbgcore.DLL
0x00007ffe65310000 - 0x00007ffe65392000 	C:\WINDOWS\System32\bcryptPrimitives.dll
0x00007ffe61d00000 - 0x00007ffe61d29000 	D:\Program Files\Android\Android Studio\jre\bin\java.dll
0x00007ffe61d60000 - 0x00007ffe61d6b000 	D:\Program Files\Android\Android Studio\jre\bin\jimage.dll
0x00007ffe61ce0000 - 0x00007ffe61cf8000 	D:\Program Files\Android\Android Studio\jre\bin\zip.dll

dbghelp: loaded successfully - version: 4.0.5 - missing functions: none
symbol engine: initialized successfully - sym options: 0x614 - pdb path: .;D:\Program Files\Android\Android Studio\jre\bin;C:\WINDOWS\SYSTEM32;C:\WINDOWS\WinSxS\amd64_microsoft.windows.common-controls_6595b64144ccf1df_6.0.19041.1110_none_60b5254171f9507e;C:\Program Files (x86)\360\Total Security\safemon;D:\Program Files\Android\Android Studio\jre\bin\server

VM Arguments:
java_command: git4idea.nativessh.GitNativeSshAskPassApp The authenticity of host 'github.com (140.82.121.4)' can't be established.
ED25519 key fingerprint is SHA256:+DiY3wvvV6TuJJhbpZisF/zLDA0zPMSvHdkr4UvCOqU.
This key is not known by any other names
Are you sure you want to continue connecting (yes/no/[fingerprint])? 
java_class_path (initial): D:/Program Files/Android/Android Studio/plugins/git4idea/lib/git4idea-rt.jar;D:/Program Files/Android/Android Studio/lib/3rd-party.jar;D:/Program Files/Android/Android Studio/lib/3rd-party-rt.jar
Launcher Type: SUN_STANDARD

[Global flags]
     intx CICompilerCount                          = 3                                         {product} {ergonomic}
     uint ConcGCThreads                            = 1                                         {product} {ergonomic}
     uint G1ConcRefinementThreads                  = 4                                         {product} {ergonomic}
   size_t G1HeapRegionSize                         = 1048576                                   {product} {ergonomic}
    uintx GCDrainStackTargetSize                   = 64                                        {product} {ergonomic}
   size_t InitialHeapSize                          = 134217728                                 {product} {ergonomic}
   size_t MarkStackSize                            = 4194304                                   {product} {ergonomic}
   size_t MaxHeapSize                              = 2118123520                                {product} {ergonomic}
   size_t MinHeapDeltaBytes                        = 1048576                                   {product} {ergonomic}
    uintx NonNMethodCodeHeapSize                   = 5830732                                {pd product} {ergonomic}
    uintx NonProfiledCodeHeapSize                  = 122913754                              {pd product} {ergonomic}
    uintx ProfiledCodeHeapSize                     = 122913754                              {pd product} {ergonomic}
    uintx ReservedCodeCacheSize                    = 251658240                              {pd product} {ergonomic}
     bool SegmentedCodeCache                       = true                                      {product} {ergonomic}
     bool UseCompressedClassPointers               = true                                 {lp64_product} {ergonomic}
     bool UseCompressedOops                        = true                                 {lp64_product} {ergonomic}
     bool UseG1GC                                  = true                                      {product} {ergonomic}
     bool UseLargePagesIndividualAllocation        = false                                  {pd product} {ergonomic}

Logging:
Log output configuration:
 #0: stdout all=warning uptime,level,tags
 #1: stderr all=off uptime,level,tags

Environment Variables:
PATH=C:\Program Files\Git\mingw64\libexec\git-core;C:\Program Files\Git\mingw64\bin;C:\Program Files\Git\usr\bin;C:\Users\User\bin;C:\WINDOWS\system32;C:\WINDOWS;C:\WINDOWS\System32\Wbem;C:\WINDOWS\System32\WindowsPowerShell\v1.0;C:\WINDOWS\System32\OpenSSH;C:\Program Files\Git\cmd;C:\Users\User\AppData\Local\Microsoft\WindowsApps;C:\Program Files\JetBrains\IntelliJ IDEA Community Edition 2022.2.3\bin
USERNAME=User
DISPLAY=:0.0
LC_ALL=en_US.UTF-8
OS=Windows_NT
PROCESSOR_IDENTIFIER=Intel64 Family 6 Model 69 Stepping 1, GenuineIntel



---------------  S Y S T E M  ---------------

OS: Windows 10 , 64 bit Build 19041 (10.0.19041.2251)
OS uptime: 0 days 6:00 hours

CPU:total 4 (initial active 4) (2 cores per cpu, 2 threads per core) family 6 model 69 stepping 1 microcode 0x25, cmov, cx8, fxsr, mmx, sse, sse2, sse3, ssse3, sse4.1, sse4.2, popcnt, avx, avx2, aes, clmul, erms, lzcnt, ht, tsc, tscinvbit, bmi1, bmi2, fma

Memory: 4k page, system-wide physical 8075M (546M free)
TotalPageFile size 10123M (AvailPageFile size 34M)
current process WorkingSet (physical memory assigned to process): 10M, peak: 10M
current process commit charge ("private bytes"): 51M, peak: 179M

vm_info: OpenJDK 64-Bit Server VM (11.0.13+0-b1751.21-8125866) for windows-amd64 JRE (11.0.13+0-b1751.21-8125866), built on Feb  2 2022 03:00:22 by "builder" with MS VC++ 14.0 (VS2015)

END.
